<?xml version="1.0" encoding="utf-8"?><testsuites name="pytest tests"><testsuite name="pytest" errors="0" failures="0" skipped="0" tests="21" time="8.961" timestamp="2026-03-04T21:50:18.460264+00:00" hostname="agent-env-1be9d33d-349b-4dec-b55c-40faa6b97f40"><testcase classname="backend.tests.test_victory_ai.TestHealthEndpoint" name="test_health_check" time="0.276" /><testcase classname="backend.tests.test_victory_ai.TestPublicEndpoints" name="test_social_proof_endpoint" time="0.111" /><testcase classname="backend.tests.test_victory_ai.TestPublicEndpoints" name="test_partner_styles_endpoint" time="0.106" /><testcase classname="backend.tests.test_victory_ai.TestPublicEndpoints" name="test_dimensions_endpoint" time="0.118" /><testcase classname="backend.tests.test_victory_ai.TestPublicEndpoints" name="test_drills_endpoint" time="0.170" /><testcase classname="backend.tests.test_victory_ai.TestPublicEndpoints" name="test_plans_endpoint" time="0.104" /><testcase classname="backend.tests.test_victory_ai.TestUserRegistration" name="test_register_new_user" time="0.362" /><testcase classname="backend.tests.test_victory_ai.TestUserRegistration" name="test_login_user" time="1.093" /><testcase classname="backend.tests.test_victory_ai.TestUserRegistration" name="test_login_invalid_credentials" time="0.140" /><testcase classname="backend.tests.test_victory_ai.TestUserRegistration" name="test_get_me_unauthorized" time="0.108" /><testcase classname="backend.tests.test_victory_ai.TestAuthenticatedEndpoints" name="test_get_me" time="0.492" /><testcase classname="backend.tests.test_victory_ai.TestAuthenticatedEndpoints" name="test_cloudinary_signature" time="0.468" /><testcase classname="backend.tests.test_victory_ai.TestAuthenticatedEndpoints" name="test_onboarding_submit" time="0.453" /><testcase classname="backend.tests.test_victory_ai.TestAuthenticatedEndpoints" name="test_create_training_partner" time="0.431" /><testcase classname="backend.tests.test_victory_ai.TestAuthenticatedEndpoints" name="test_generate_ai_feedback" time="0.599" /><testcase classname="backend.tests.test_victory_ai.TestTrainingSession" name="test_start_training_session" time="0.491" /><testcase classname="backend.tests.test_victory_ai.TestTrainingSession" name="test_complete_training_session" time="0.539" /><testcase classname="backend.tests.test_victory_ai.TestTrainingSession" name="test_get_sessions" time="0.790" /><testcase classname="backend.tests.test_victory_ai.TestStripeCheckout" name="test_create_checkout_session" time="1.027" /><testcase classname="backend.tests.test_victory_ai.TestStripeCheckout" name="test_checkout_invalid_plan" time="0.518" /><testcase classname="backend.tests.test_victory_ai.TestStripeCheckout" name="test_subscription_status" time="0.454" /></testsuite></testsuites>